Found 1653 images belonging to 10 classes.
Found 409 images belonging to 10 classes.
Epoch 1/30

[1m 1/52[0m [37mâ”â”â”â”â”â”â”â”â”â”â”â”â”â”â”â”â”â”â”â”[0m [1m53s[0m 1s/step - accuracy: 0.0938 - loss: 2.3113
[1m 2/52[0m [37mâ”â”â”â”â”â”â”â”â”â”â”â”â”â”â”â”â”â”â”â”[0m [1m2s[0m 51ms/step - accuracy: 0.1328 - loss: 2.3312
[1m 4/52[0m [32mâ”[0m[37mâ”â”â”â”â”â”â”â”â”â”â”â”â”â”â”â”â”â”â”[0m [1m2s[0m 47ms/step - accuracy: 0.1361 - loss: 2.3726
[1m 6/52[0m [32mâ”â”[0m[37mâ”â”â”â”â”â”â”â”â”â”â”â”â”â”â”â”â”â”[0m [1m2s[0m 46ms/step - accuracy: 0.1334 - loss: 2.3835
[1m 8/52[0m [32mâ”â”â”[0m[37mâ”â”â”â”â”â”â”â”â”â”â”â”â”â”â”â”â”[0m [1m2s[0m 46ms/step - accuracy: 0.1328 - loss: 2.3875
[1m10/52[0m [32mâ”â”â”[0m[37mâ”â”â”â”â”â”â”â”â”â”â”â”â”â”â”â”â”[0m [1m1s[0m 46ms/step - accuracy: 0.1322 - loss: 2.3874
[1m12/52[0m [32mâ”â”â”â”[0m[37mâ”â”â”â”â”â”â”â”â”â”â”â”â”â”â”â”[0m [1m1s[0m 45ms/step - accuracy: 0.1306 - loss: 2.3860
[1m14/52[0m [32mâ”â”â”â”â”[0m[37mâ”â”â”â”â”â”â”â”â”â”â”â”â”â”â”[0m [1m1s[0m 45ms/step - accuracy: 0.1285 - loss: 2.3840
[1m16/52[0m [32mâ”â”â”â”â”â”[0m[37mâ”â”â”â”â”â”â”â”â”â”â”â”â”â”[0m [1m1s[0m 45ms/step - accuracy: 0.1264 - loss: 2.3820
[1m18/52[0m [32mâ”â”â”â”â”â”[0m[37mâ”â”â”â”â”â”â”â”â”â”â”â”â”â”[0m [1m1s[0m 45ms/step - accuracy: 0.1254 - loss: 2.3799
[1m20/52[0m [32mâ”â”â”â”â”â”â”[0m[37mâ”â”â”â”â”â”â”â”â”â”â”â”â”[0m [1m1s[0m 44ms/step - accuracy: 0.1244 - loss: 2.3780
[1m22/52[0m [32mâ”â”â”â”â”â”â”â”[0m[37mâ”â”â”â”â”â”â”â”â”â”â”â”[0m [1m1s[0m 44ms/step - accuracy: 0.1233 - loss: 2.3763
[1m23/52[0m [32mâ”â”â”â”â”â”â”â”[0m[37mâ”â”â”â”â”â”â”â”â”â”â”â”[0m [1m1s[0m 45ms/step - accuracy: 0.1228 - loss: 2.3755
[1m25/52[0m [32mâ”â”â”â”â”â”â”â”â”[0m[37mâ”â”â”â”â”â”â”â”â”â”â”[0m [1m1s[0m 45ms/step - accuracy: 0.1224 - loss: 2.3739
[1m27/52[0m [32mâ”â”â”â”â”â”â”â”â”â”[0m[37mâ”â”â”â”â”â”â”â”â”â”[0m [1m1s[0m 45ms/step - accuracy: 0.1220 - loss: 2.3724
[1m29/52[0m [32mâ”â”â”â”â”â”â”â”â”â”â”[0m[37mâ”â”â”â”â”â”â”â”â”[0m [1m1s[0m 45ms/step - accuracy: 0.1218 - loss: 2.3710
[1m30/52[0m [32mâ”â”â”â”â”â”â”â”â”â”â”[0m[37mâ”â”â”â”â”â”â”â”â”[0m [1m1s[0m 46ms/step - accuracy: 0.1218 - loss: 2.3703
[1m31/52[0m [32mâ”â”â”â”â”â”â”â”â”â”â”[0m[37mâ”â”â”â”â”â”â”â”â”[0m [1m0s[0m 46ms/step - accuracy: 0.1220 - loss: 2.3696